Start testing: Apr 27 20:24 MDT
----------------------------------------------------------
1/1 Testing: rope_tests
1/1 Test: rope_tests
Command: "/home/warpc/Nextcloud/code/c++/2026/parallel/FinalProject/build/rope_tests"
Directory: /home/warpc/Nextcloud/code/c++/2026/parallel/FinalProject/build
"rope_tests" start time: Apr 27 20:24 MDT
Output:
----------------------------------------------------------
all serial tests passed
<end of output>
Test time =   0.00 sec
----------------------------------------------------------
Test Passed.
"rope_tests" end time: Apr 27 20:24 MDT
"rope_tests" time elapsed: 00:00:00
----------------------------------------------------------

End testing: Apr 27 20:24 MDT
